TN:
SF:/Users/Fran/Sites/express-angular-starter/src/server/clusters.js
FN:11,_interopRequireDefault
FN:15,(anonymous_2)
FN:18,(anonymous_3)
FN:21,(anonymous_4)
FN:24,(anonymous_5)
FNF:5
FNH:1
FNDA:0,_interopRequireDefault
FNDA:0,(anonymous_2)
FNDA:0,(anonymous_3)
FNDA:0,(anonymous_4)
FNDA:0,(anonymous_5)
DA:0,1
DA:1,0
DA:2,0
DA:4,0
DA:5,0
DA:6,0
DA:7,0
DA:8,0
DA:10,0
DA:11,0
DA:13,0
DA:14,0
DA:15,0
DA:19,0
LF:14
LH:1
BRDA:11,1,0,0
BRDA:11,1,1,0
BRDA:11,2,0,0
BRDA:11,2,1,0
BRDA:14,3,0,0
BRDA:14,3,1,0
BRF:6
BRH:4
end_of_record
TN:
SF:/Users/Fran/Sites/express-angular-starter/src/server/error.js
FN:5,(anonymous_1)
FNF:1
FNH:0
FNDA:0,(anonymous_1)
DA:1,1
DA:3,1
DA:4,0
DA:5,0
DA:6,0
DA:8,0
DA:11,1
LF:7
LH:3
BRDA:7,1,0,0
BRDA:7,1,1,0
BRDA:7,2,0,0
BRDA:7,2,1,0
BRDA:7,2,2,0
BRDA:10,3,0,0
BRDA:10,3,1,0
BRF:7
BRH:0
end_of_record
TN:
SF:/Users/Fran/Sites/express-angular-starter/src/server/index.js
FN:7,_interopRequireDefault
FNF:1
FNH:1
FNDA:1,_interopRequireDefault
DA:0,1
DA:1,1
DA:3,1
LF:3
LH:3
BRDA:7,1,0,1
BRDA:7,1,1,0
BRDA:7,2,0,1
BRDA:7,2,1,1
BRF:4
BRH:4
end_of_record
TN:
SF:/Users/Fran/Sites/express-angular-starter/src/server/start.js
FNF:0
FNH:0
DA:1,0
DA:2,0
LF:2
LH:0
BRF:0
BRH:0
end_of_record
TN:
SF:/Users/Fran/Sites/express-angular-starter/src/server/start_clusters.js
FNF:0
FNH:0
DA:1,0
DA:2,0
LF:2
LH:0
BRF:0
BRH:0
end_of_record
TN:
SF:/Users/Fran/Sites/express-angular-starter/src/server/config/acl.js
FN:7,_interopRequireDefault
FN:15,(anonymous_2)
FN:18,(anonymous_3)
FNF:3
FNH:3
FNDA:1,_interopRequireDefault
FNDA:10,(anonymous_2)
FNDA:10,(anonymous_3)
DA:0,1
DA:1,1
DA:3,1
DA:5,1
DA:6,1
DA:9,1
DA:10,10
DA:12,10
DA:14,10
DA:16,0
DA:20,10
DA:22,10
DA:24,0
DA:32,1
LF:14
LH:12
BRDA:7,1,0,0
BRDA:7,1,1,1
BRDA:7,2,0,1
BRDA:7,2,1,1
BRDA:11,3,0,1
BRDA:11,3,1,0
BRDA:16,4,0,5
BRDA:16,4,1,5
BRDA:19,5,0,0
BRDA:19,5,1,10
BRDA:25,6,0,10
BRDA:25,6,1,0
BRF:12
BRH:9
end_of_record
TN:
SF:/Users/Fran/Sites/express-angular-starter/src/server/config/auth.js
FN:7,(anonymous_1)
FN:7,defineProperties
FN:7,(anonymous_3)
FN:23,_interopRequireDefault
FN:25,_classCallCheck
FN:32,(anonymous_6)
FN:33,(anonymous_7)
FN:42,(anonymous_8)
FN:49,(anonymous_9)
FN:50,Auth
FN:56,initialize
FN:61,authenticate
FNF:12
FNH:11
FNDA:1,(anonymous_1)
FNDA:1,defineProperties
FNDA:1,(anonymous_3)
FNDA:3,_interopRequireDefault
FNDA:0,_classCallCheck
FNDA:5,(anonymous_6)
FNDA:5,(anonymous_7)
FNDA:0,(anonymous_8)
FNDA:1,(anonymous_9)
FNDA:0,Auth
FNDA:1,initialize
FNDA:10,authenticate
DA:0,3
DA:1,1
DA:2,1
DA:4,1
DA:5,1
DA:8,1
DA:13,1
DA:14,5
DA:16,5
DA:17,5
DA:23,0
DA:26,0
DA:30,1
DA:34,1
DA:38,10
LF:15
LH:13
BRDA:7,1,0,2
BRDA:7,1,1,2
BRDA:7,2,0,2
BRDA:7,2,1,0
BRDA:7,3,0,0
BRDA:7,3,1,1
BRDA:7,4,0,1
BRDA:7,4,1,0
BRDA:23,5,0,1
BRDA:23,5,1,2
BRDA:23,6,0,3
BRDA:23,6,1,3
BRDA:25,7,0,0
BRDA:25,7,1,0
BRDA:34,8,0,5
BRDA:34,8,1,0
BRF:16
BRH:15
end_of_record
TN:
SF:/Users/Fran/Sites/express-angular-starter/src/server/config/boot.js
FN:7,(anonymous_1)
FN:10,loadModelRelationships
FN:14,(anonymous_3)
FN:20,(anonymous_4)
FN:27,syncDb
FN:31,runFixtures
FN:33,(anonymous_7)
FN:42,createServer
FN:43,(anonymous_9)
FN:69,_interopRequireDefault
FNF:10
FNH:10
FNDA:1,(anonymous_1)
FNDA:1,loadModelRelationships
FNDA:2,(anonymous_3)
FNDA:2,(anonymous_4)
FNDA:1,syncDb
FNDA:1,runFixtures
FNDA:1,(anonymous_7)
FNDA:1,createServer
FNDA:1,(anonymous_9)
FNDA:4,_interopRequireDefault
DA:0,4
DA:1,1
DA:2,1
DA:4,1
DA:5,1
DA:8,1
DA:13,1
DA:14,1
DA:15,1
DA:17,1
DA:18,2
DA:19,2
DA:20,2
DA:23,1
DA:24,2
DA:27,1
DA:30,1
DA:31,1
DA:34,1
DA:35,1
DA:36,1
DA:37,1
DA:38,1
DA:39,1
DA:42,1
DA:45,1
DA:46,1
DA:47,1
DA:48,1
DA:49,1
DA:53,1
LF:31
LH:31
BRDA:44,1,0,1
BRDA:44,1,1,0
BRDA:69,2,0,1
BRDA:69,2,1,3
BRDA:69,3,0,4
BRDA:69,3,1,4
BRF:6
BRH:5
end_of_record
TN:
SF:/Users/Fran/Sites/express-angular-starter/src/server/config/config.js
FNF:0
FNH:0
DA:1,1
DA:2,1
DA:4,1
LF:3
LH:3
BRDA:3,1,0,1
BRDA:3,1,1,0
BRF:2
BRH:1
end_of_record
TN:
SF:/Users/Fran/Sites/express-angular-starter/src/server/config/db.js
FN:11,_interopRequireDefault
FNF:1
FNH:1
FNDA:2,_interopRequireDefault
DA:0,2
DA:1,1
DA:3,1
DA:5,1
DA:10,1
DA:12,1
DA:23,1
DA:24,0
DA:26,1
DA:35,1
LF:10
LH:9
BRDA:11,1,0,0
BRDA:11,1,1,2
BRDA:11,2,0,2
BRDA:11,2,1,2
BRDA:18,3,0,1
BRDA:18,3,1,0
BRDA:31,4,0,0
BRDA:31,4,1,1
BRDA:31,5,0,1
BRDA:31,5,1,0
BRF:10
BRH:7
end_of_record
TN:
SF:/Users/Fran/Sites/express-angular-starter/src/server/config/express.js
FN:39,_interopRequireDefault
FN:49,write
FN:60,(anonymous_3)
FN:61,(anonymous_4)
FN:69,send404
FN:83,(anonymous_6)
FN:94,(anonymous_7)
FNF:7
FNH:4
FNDA:8,_interopRequireDefault
FNDA:10,write
FNDA:10,(anonymous_3)
FNDA:10,(anonymous_4)
FNDA:0,send404
FNDA:0,(anonymous_6)
FNDA:0,(anonymous_7)
DA:0,8
DA:1,1
DA:2,1
DA:3,1
DA:4,1
DA:5,1
DA:7,1
DA:8,1
DA:9,1
DA:11,1
DA:12,1
DA:13,1
DA:15,1
DA:16,1
DA:17,1
DA:20,10
DA:24,1
DA:25,1
DA:26,1
DA:28,1
DA:30,1
DA:31,10
DA:32,10
DA:33,10
DA:37,1
DA:39,1
DA:40,0
DA:46,0
DA:51,1
DA:53,0
DA:55,0
DA:56,0
DA:59,0
DA:60,0
DA:62,1
DA:63,1
DA:64,1
DA:66,1
DA:67,0
DA:70,1
DA:71,1
LF:41
LH:33
BRDA:39,1,0,2
BRDA:39,1,1,6
BRDA:39,2,0,8
BRDA:39,2,1,8
BRDA:45,3,0,1
BRDA:45,3,1,1
BRDA:79,4,0,0
BRDA:79,4,1,1
BRF:8
BRH:7
end_of_record
TN:
SF:/Users/Fran/Sites/express-angular-starter/src/server/config/logger.js
FN:11,_interopRequireDefault
FNF:1
FNH:1
FNDA:2,_interopRequireDefault
DA:0,2
DA:1,1
DA:2,1
DA:4,1
DA:5,0
DA:8,1
LF:6
LH:5
BRDA:11,1,0,0
BRDA:11,1,1,2
BRDA:11,2,0,2
BRDA:11,2,1,2
BRDA:13,3,0,0
BRDA:13,3,1,1
BRF:6
BRH:5
end_of_record
TN:
SF:/Users/Fran/Sites/express-angular-starter/src/server/fixtures/admins.js
FN:7,_interopRequireDefault
FN:9,(anonymous_2)
FNF:2
FNH:2
FNDA:1,_interopRequireDefault
FNDA:1,(anonymous_2)
DA:0,1
DA:1,1
DA:3,1
DA:4,1
LF:4
LH:4
BRDA:7,1,0,1
BRDA:7,1,1,0
BRDA:7,2,0,1
BRDA:7,2,1,1
BRF:4
BRH:4
end_of_record
TN:
SF:/Users/Fran/Sites/express-angular-starter/src/server/models/tasks.js
FN:15,_interopRequireDefault
FN:37,associate
FNF:2
FNH:2
FNDA:2,_interopRequireDefault
FNDA:1,associate
DA:0,2
DA:1,1
DA:2,1
DA:4,1
DA:25,1
LF:5
LH:5
BRDA:15,1,0,0
BRDA:15,1,1,2
BRDA:15,2,0,2
BRDA:15,2,1,2
BRF:4
BRH:4
end_of_record
TN:
SF:/Users/Fran/Sites/express-angular-starter/src/server/models/users.js
FN:19,_interopRequireDefault
FN:85,beforeCreate
FN:91,associate
FN:94,isPassword
FNF:4
FNH:4
FNDA:3,_interopRequireDefault
FNDA:11,beforeCreate
FNDA:1,associate
FNDA:2,isPassword
DA:0,3
DA:1,1
DA:2,1
DA:4,1
DA:6,1
DA:71,11
DA:72,11
DA:77,1
DA:80,2
LF:9
LH:9
BRDA:19,1,0,0
BRDA:19,1,1,3
BRDA:19,2,0,3
BRDA:19,2,1,3
BRF:4
BRH:4
end_of_record
TN:
SF:/Users/Fran/Sites/express-angular-starter/src/server/routes/core.js
FN:19,_interopRequireDefault
FN:43,(anonymous_2)
FN:44,(anonymous_3)
FN:46,(anonymous_4)
FNF:4
FNH:3
FNDA:3,_interopRequireDefault
FNDA:1,(anonymous_2)
FNDA:1,(anonymous_3)
FNDA:0,(anonymous_4)
DA:0,3
DA:1,1
DA:2,1
DA:3,1
DA:9,1
DA:17,1
DA:27,1
DA:28,1
DA:29,1
DA:30,0
LF:10
LH:9
BRDA:19,1,0,0
BRDA:19,1,1,3
BRDA:19,2,0,3
BRDA:19,2,1,3
BRF:4
BRH:4
end_of_record
TN:
SF:/Users/Fran/Sites/express-angular-starter/src/server/routes/index.js
FN:27,_interopRequireDefault
FNF:1
FNH:1
FNDA:5,_interopRequireDefault
DA:0,5
DA:1,1
DA:2,1
DA:3,1
DA:4,1
DA:5,1
DA:10,1
DA:11,1
DA:12,1
DA:13,1
LF:10
LH:10
BRDA:27,1,0,4
BRDA:27,1,1,1
BRDA:27,2,0,5
BRDA:27,2,1,5
BRF:4
BRH:4
end_of_record
TN:
SF:/Users/Fran/Sites/express-angular-starter/src/server/routes/tasks.js
FN:23,_interopRequireDefault
FN:89,(anonymous_2)
FN:90,(anonymous_3)
FN:92,(anonymous_4)
FN:97,(anonymous_5)
FN:98,(anonymous_6)
FN:100,(anonymous_7)
FN:133,(anonymous_8)
FN:135,(anonymous_9)
FN:137,(anonymous_10)
FN:170,(anonymous_11)
FN:171,(anonymous_12)
FN:177,(anonymous_13)
FN:201,(anonymous_14)
FN:202,(anonymous_15)
FN:204,(anonymous_16)
FN:221,(anonymous_17)
FN:222,(anonymous_18)
FN:224,(anonymous_19)
FNF:19
FNH:1
FNDA:4,_interopRequireDefault
FNDA:0,(anonymous_2)
FNDA:0,(anonymous_3)
FNDA:0,(anonymous_4)
FNDA:0,(anonymous_5)
FNDA:0,(anonymous_6)
FNDA:0,(anonymous_7)
FNDA:0,(anonymous_8)
FNDA:0,(anonymous_9)
FNDA:0,(anonymous_10)
FNDA:0,(anonymous_11)
FNDA:0,(anonymous_12)
FNDA:0,(anonymous_13)
FNDA:0,(anonymous_14)
FNDA:0,(anonymous_15)
FNDA:0,(anonymous_16)
FNDA:0,(anonymous_17)
FNDA:0,(anonymous_18)
FNDA:0,(anonymous_19)
DA:0,4
DA:1,1
DA:2,1
DA:3,1
DA:4,1
DA:10,1
DA:43,1
DA:71,1
DA:73,0
DA:74,0
DA:76,0
DA:80,1
DA:82,0
DA:83,0
DA:85,0
DA:118,1
DA:120,0
DA:121,0
DA:122,0
DA:123,0
DA:155,1
DA:157,0
DA:159,0
DA:160,0
DA:162,0
DA:165,0
DA:188,1
DA:190,0
DA:191,0
DA:192,0
DA:208,1
DA:210,0
DA:211,0
DA:212,0
LF:34
LH:13
BRDA:23,1,0,0
BRDA:23,1,1,4
BRDA:23,2,0,4
BRDA:23,2,1,4
BRDA:172,3,0,0
BRDA:172,3,1,0
BRF:6
BRH:4
end_of_record
TN:
SF:/Users/Fran/Sites/express-angular-starter/src/server/routes/token.js
FN:19,_interopRequireDefault
FN:52,(anonymous_2)
FN:56,(anonymous_3)
FN:58,(anonymous_4)
FNF:4
FNH:4
FNDA:3,_interopRequireDefault
FNDA:4,(anonymous_2)
FNDA:1,(anonymous_3)
FNDA:2,(anonymous_4)
DA:0,3
DA:1,1
DA:2,1
DA:3,1
DA:10,1
DA:18,1
DA:37,1
DA:38,4
DA:39,3
DA:40,3
DA:41,3
DA:42,1
DA:44,2
DA:47,1
LF:14
LH:14
BRDA:19,1,0,0
BRDA:19,1,1,3
BRDA:19,2,0,3
BRDA:19,2,1,3
BRDA:53,3,0,3
BRDA:53,3,1,1
BRDA:53,4,0,4
BRDA:53,4,1,3
BRF:8
BRH:8
end_of_record
TN:
SF:/Users/Fran/Sites/express-angular-starter/src/server/routes/users.js
FN:31,_interopRequireDefault
FN:77,(anonymous_2)
FN:79,(anonymous_3)
FN:81,(anonymous_4)
FN:105,(anonymous_5)
FN:106,(anonymous_6)
FN:108,(anonymous_7)
FN:124,(anonymous_8)
FN:125,(anonymous_9)
FN:127,(anonymous_10)
FN:143,(anonymous_11)
FN:144,(anonymous_12)
FN:146,(anonymous_13)
FN:182,(anonymous_14)
FN:184,(anonymous_15)
FN:186,(anonymous_16)
FN:214,(anonymous_17)
FN:216,(anonymous_18)
FN:218,(anonymous_19)
FN:223,(anonymous_20)
FN:224,(anonymous_21)
FN:226,(anonymous_22)
FN:239,(anonymous_23)
FN:240,(anonymous_24)
FN:242,(anonymous_25)
FN:259,(anonymous_26)
FN:261,(anonymous_27)
FN:264,(anonymous_28)
FN:282,(anonymous_29)
FN:283,(anonymous_30)
FN:285,(anonymous_31)
FN:312,(anonymous_32)
FN:313,(anonymous_33)
FN:315,(anonymous_34)
FN:343,(anonymous_35)
FN:344,(anonymous_36)
FN:346,(anonymous_37)
FN:374,(anonymous_38)
FN:375,(anonymous_39)
FN:377,(anonymous_40)
FN:405,(anonymous_41)
FN:406,(anonymous_42)
FN:408,(anonymous_43)
FN:436,(anonymous_44)
FN:437,(anonymous_45)
FN:439,(anonymous_46)
FN:467,(anonymous_47)
FN:468,(anonymous_48)
FN:470,(anonymous_49)
FNF:49
FNH:9
FNDA:6,_interopRequireDefault
FNDA:2,(anonymous_2)
FNDA:2,(anonymous_3)
FNDA:0,(anonymous_4)
FNDA:1,(anonymous_5)
FNDA:1,(anonymous_6)
FNDA:0,(anonymous_7)
FNDA:1,(anonymous_8)
FNDA:1,(anonymous_9)
FNDA:0,(anonymous_10)
FNDA:0,(anonymous_11)
FNDA:0,(anonymous_12)
FNDA:0,(anonymous_13)
FNDA:1,(anonymous_14)
FNDA:1,(anonymous_15)
FNDA:0,(anonymous_16)
FNDA:0,(anonymous_17)
FNDA:0,(anonymous_18)
FNDA:0,(anonymous_19)
FNDA:0,(anonymous_20)
FNDA:0,(anonymous_21)
FNDA:0,(anonymous_22)
FNDA:0,(anonymous_23)
FNDA:0,(anonymous_24)
FNDA:0,(anonymous_25)
FNDA:0,(anonymous_26)
FNDA:0,(anonymous_27)
FNDA:0,(anonymous_28)
FNDA:0,(anonymous_29)
FNDA:0,(anonymous_30)
FNDA:0,(anonymous_31)
FNDA:0,(anonymous_32)
FNDA:0,(anonymous_33)
FNDA:0,(anonymous_34)
FNDA:0,(anonymous_35)
FNDA:0,(anonymous_36)
FNDA:0,(anonymous_37)
FNDA:0,(anonymous_38)
FNDA:0,(anonymous_39)
FNDA:0,(anonymous_40)
FNDA:0,(anonymous_41)
FNDA:0,(anonymous_42)
FNDA:0,(anonymous_43)
FNDA:0,(anonymous_44)
FNDA:0,(anonymous_45)
FNDA:0,(anonymous_46)
FNDA:0,(anonymous_47)
FNDA:0,(anonymous_48)
FNDA:0,(anonymous_49)
DA:0,6
DA:1,1
DA:2,1
DA:3,1
DA:5,1
DA:6,1
DA:7,1
DA:13,1
DA:57,1
DA:59,1
DA:60,2
DA:61,2
DA:62,2
DA:64,0
DA:88,1
DA:89,1
DA:90,1
DA:92,0
DA:107,1
DA:108,1
DA:109,1
DA:111,0
DA:126,1
DA:127,0
DA:128,0
DA:130,0
DA:165,1
DA:166,1
DA:167,1
DA:169,1
DA:172,0
DA:199,1
DA:200,0
DA:201,0
DA:202,0
DA:204,0
DA:208,1
DA:209,0
DA:210,0
DA:212,0
DA:224,1
DA:225,0
DA:226,0
DA:228,0
DA:244,1
DA:245,0
DA:246,0
DA:248,0
DA:249,0
DA:252,0
DA:269,1
DA:270,0
DA:271,0
DA:273,0
DA:299,1
DA:300,0
DA:301,0
DA:303,0
DA:330,1
DA:331,0
DA:333,0
DA:335,0
DA:362,1
DA:363,0
DA:364,0
DA:366,0
DA:393,1
DA:394,0
DA:396,0
DA:398,0
DA:425,1
DA:426,0
DA:428,0
DA:430,0
DA:457,1
DA:458,0
DA:460,0
DA:462,0
LF:78
LH:35
BRDA:31,1,0,0
BRDA:31,1,1,6
BRDA:31,2,0,6
BRDA:31,2,1,6
BRF:4
BRH:4
end_of_record
TN:
SF:/Users/Fran/Sites/express-angular-starter/src/server/services/core.js
FN:5,(anonymous_1)
FNF:1
FNH:1
FNDA:1,(anonymous_1)
DA:1,1
DA:3,1
DA:4,1
DA:9,1
LF:4
LH:4
BRF:0
BRH:0
end_of_record
TN:
SF:/Users/Fran/Sites/express-angular-starter/src/server/services/email.js
FN:11,_interopRequireDefault
FN:20,sendEmail
FN:21,(anonymous_3)
FN:30,(anonymous_4)
FN:41,(anonymous_5)
FNF:5
FNH:1
FNDA:2,_interopRequireDefault
FNDA:0,sendEmail
FNDA:0,(anonymous_3)
FNDA:0,(anonymous_4)
FNDA:0,(anonymous_5)
DA:0,2
DA:1,1
DA:2,1
DA:4,1
DA:6,1
DA:11,1
DA:12,0
DA:13,0
DA:14,0
DA:16,0
DA:21,1
DA:22,0
DA:24,0
DA:25,0
DA:30,0
DA:33,1
DA:34,0
DA:36,0
DA:37,0
DA:42,0
DA:45,1
LF:21
LH:9
BRDA:11,1,0,0
BRDA:11,1,1,2
BRDA:11,2,0,2
BRDA:11,2,1,2
BRDA:22,3,0,0
BRDA:22,3,1,0
BRF:6
BRH:4
end_of_record
TN:
SF:/Users/Fran/Sites/express-angular-starter/src/server/services/social.js
FN:31,_interopRequireDefault
FN:35,createJWT
FN:40,(anonymous_3)
FN:53,getAccessTokenCallback
FN:62,getGraphCallback
FN:68,(anonymous_6)
FN:88,(anonymous_7)
FN:104,(anonymous_8)
FN:115,(anonymous_9)
FN:127,(anonymous_10)
FN:128,(anonymous_11)
FN:138,(anonymous_12)
FN:148,(anonymous_13)
FN:167,(anonymous_14)
FN:180,postAccessTokenCallback
FN:185,(anonymous_16)
FN:212,(anonymous_17)
FN:222,(anonymous_18)
FN:226,(anonymous_19)
FN:234,(anonymous_20)
FN:248,postCallback
FN:261,getCallback
FN:268,(anonymous_23)
FN:276,(anonymous_24)
FN:294,(anonymous_25)
FN:312,(anonymous_26)
FN:330,(anonymous_27)
FN:333,(anonymous_28)
FN:341,(anonymous_29)
FN:353,(anonymous_30)
FN:359,(anonymous_31)
FN:364,(anonymous_32)
FN:375,(anonymous_33)
FN:384,(anonymous_34)
FNF:34
FNH:1
FNDA:7,_interopRequireDefault
FNDA:0,createJWT
FNDA:0,(anonymous_3)
FNDA:0,getAccessTokenCallback
FNDA:0,getGraphCallback
FNDA:0,(anonymous_6)
FNDA:0,(anonymous_7)
FNDA:0,(anonymous_8)
FNDA:0,(anonymous_9)
FNDA:0,(anonymous_10)
FNDA:0,(anonymous_11)
FNDA:0,(anonymous_12)
FNDA:0,(anonymous_13)
FNDA:0,(anonymous_14)
FNDA:0,postAccessTokenCallback
FNDA:0,(anonymous_16)
FNDA:0,(anonymous_17)
FNDA:0,(anonymous_18)
FNDA:0,(anonymous_19)
FNDA:0,(anonymous_20)
FNDA:0,postCallback
FNDA:0,getCallback
FNDA:0,(anonymous_23)
FNDA:0,(anonymous_24)
FNDA:0,(anonymous_25)
FNDA:0,(anonymous_26)
FNDA:0,(anonymous_27)
FNDA:0,(anonymous_28)
FNDA:0,(anonymous_29)
FNDA:0,(anonymous_30)
FNDA:0,(anonymous_31)
FNDA:0,(anonymous_32)
FNDA:0,(anonymous_33)
FNDA:0,(anonymous_34)
DA:0,7
DA:1,1
DA:2,1
DA:3,1
DA:4,1
DA:5,1
DA:7,1
DA:8,1
DA:10,1
DA:12,1
DA:13,0
DA:14,0
DA:17,1
DA:18,0
DA:19,0
DA:20,0
DA:21,0
DA:22,0
DA:28,0
DA:30,1
DA:31,0
DA:32,0
DA:33,0
DA:35,0
DA:36,0
DA:39,1
DA:40,0
DA:41,0
DA:42,0
DA:44,0
DA:45,0
DA:47,0
DA:48,0
DA:49,0
DA:56,0
DA:58,0
DA:59,0
DA:60,0
DA:61,0
DA:62,0
DA:63,0
DA:64,0
DA:65,0
DA:66,0
DA:68,0
DA:69,0
DA:76,0
DA:80,0
DA:83,1
DA:84,0
DA:85,0
DA:86,0
DA:87,0
DA:94,0
DA:96,0
DA:97,0
DA:103,0
DA:108,0
DA:110,0
DA:111,0
DA:118,0
DA:119,0
DA:120,0
DA:121,0
DA:122,0
DA:123,0
DA:124,0
DA:125,0
DA:126,0
DA:127,0
DA:128,0
DA:130,0
DA:131,0
DA:144,0
DA:147,1
DA:148,0
DA:149,0
DA:150,0
DA:158,0
DA:160,1
DA:161,0
DA:162,0
DA:164,0
DA:165,0
DA:167,0
DA:168,0
DA:169,0
DA:176,0
DA:178,0
DA:179,0
DA:180,0
DA:181,0
DA:182,0
DA:183,0
DA:184,0
DA:185,0
DA:186,0
DA:187,0
DA:188,0
DA:189,0
DA:190,0
DA:191,0
DA:192,0
DA:193,0
DA:195,0
DA:196,0
DA:203,0
DA:206,0
DA:207,0
DA:211,0
DA:212,0
DA:215,0
DA:218,1
DA:219,0
DA:220,0
DA:221,0
DA:222,0
DA:230,0
DA:232,1
DA:233,0
DA:234,0
DA:235,0
DA:238,0
DA:239,0
DA:241,0
DA:242,0
DA:245,1
DA:246,0
DA:247,0
DA:248,0
DA:251,0
DA:252,0
DA:254,0
DA:255,0
DA:256,0
DA:258,0
DA:260,0
DA:262,0
DA:263,0
DA:281,0
DA:285,0
DA:286,0
DA:287,0
DA:288,0
DA:289,0
DA:290,0
DA:291,0
DA:292,0
DA:293,0
DA:294,0
DA:295,0
DA:296,0
DA:297,0
DA:298,0
DA:300,0
DA:301,0
DA:319,0
DA:323,0
DA:327,0
DA:330,1
DA:331,0
DA:332,0
DA:333,0
DA:334,0
DA:335,0
DA:342,0
DA:344,0
DA:345,0
DA:347,0
DA:348,0
DA:349,0
DA:351,0
DA:352,0
DA:354,0
DA:355,0
DA:357,0
DA:358,0
DA:359,0
DA:366,0
DA:367,0
DA:368,0
DA:369,0
DA:370,0
DA:371,0
DA:372,0
DA:373,0
DA:374,0
DA:375,0
DA:377,0
DA:378,0
DA:392,0
DA:395,1
LF:192
LH:21
BRDA:31,1,0,1
BRDA:31,1,1,6
BRDA:31,2,0,7
BRDA:31,2,1,7
BRDA:54,3,0,0
BRDA:54,3,1,0
BRDA:63,4,0,0
BRDA:63,4,1,0
BRDA:69,5,0,0
BRDA:69,5,1,0
BRDA:129,6,0,0
BRDA:129,6,1,0
BRDA:181,7,0,0
BRDA:181,7,1,0
BRDA:186,8,0,0
BRDA:186,8,1,0
BRDA:249,9,0,0
BRDA:249,9,1,0
BRDA:262,10,0,0
BRDA:262,10,1,0
BRDA:269,11,0,0
BRDA:269,11,1,0
BRDA:354,12,0,0
BRDA:354,12,1,0
BRDA:360,13,0,0
BRDA:360,13,1,0
BRDA:365,14,0,0
BRDA:365,14,1,0
BRF:28
BRH:4
end_of_record
TN:
SF:/Users/Fran/Sites/express-angular-starter/src/server/services/tasks.js
FN:7,_interopRequireDefault
FN:11,(anonymous_2)
FN:17,(anonymous_3)
FN:24,(anonymous_4)
FN:28,(anonymous_5)
FN:38,(anonymous_6)
FN:48,(anonymous_7)
FN:58,buildPagination
FNF:8
FNH:1
FNDA:1,_interopRequireDefault
FNDA:0,(anonymous_2)
FNDA:0,(anonymous_3)
FNDA:0,(anonymous_4)
FNDA:0,(anonymous_5)
FNDA:0,(anonymous_6)
FNDA:0,(anonymous_7)
FNDA:0,buildPagination
DA:0,1
DA:1,1
DA:3,1
DA:5,1
DA:6,0
DA:11,1
DA:12,0
DA:13,0
DA:14,0
DA:15,0
DA:18,1
DA:19,0
DA:22,1
DA:23,0
DA:25,0
DA:26,0
DA:29,0
DA:32,1
DA:33,0
DA:35,0
DA:36,0
DA:39,0
DA:42,1
DA:43,0
DA:45,0
DA:46,0
DA:49,0
DA:52,1
DA:53,0
DA:54,0
DA:56,0
DA:57,0
DA:60,0
DA:61,0
DA:65,1
LF:35
LH:11
BRDA:7,1,0,1
BRDA:7,1,1,0
BRDA:7,2,0,1
BRDA:7,2,1,1
BRDA:31,3,0,0
BRDA:31,3,1,0
BRDA:41,4,0,0
BRDA:41,4,1,0
BRDA:51,5,0,0
BRDA:51,5,1,0
BRDA:62,6,0,0
BRDA:62,6,1,0
BRDA:66,7,0,0
BRDA:66,7,1,0
BRF:14
BRH:4
end_of_record
TN:
SF:/Users/Fran/Sites/express-angular-starter/src/server/services/tokens.js
FN:15,_interopRequireDefault
FN:19,(anonymous_2)
FN:20,(anonymous_3)
FN:42,(anonymous_4)
FNF:4
FNH:4
FNDA:3,_interopRequireDefault
FNDA:3,(anonymous_2)
FNDA:3,(anonymous_3)
FNDA:2,(anonymous_4)
DA:0,3
DA:1,1
DA:3,1
DA:4,1
DA:6,1
DA:8,1
DA:9,3
DA:11,3
DA:12,1
DA:16,1
DA:17,0
DA:22,1
DA:24,1
DA:34,2
DA:35,0
DA:37,2
DA:41,1
LF:17
LH:15
BRDA:15,1,0,1
BRDA:15,1,1,2
BRDA:15,2,0,3
BRDA:15,2,1,3
BRDA:21,3,0,1
BRDA:21,3,1,1
BRDA:26,4,0,0
BRDA:26,4,1,1
BRDA:43,5,0,0
BRDA:43,5,1,2
BRF:10
BRH:8
end_of_record
TN:
SF:/Users/Fran/Sites/express-angular-starter/src/server/services/users.js
FN:11,_interopRequireDefault
FN:15,(anonymous_2)
FN:38,(anonymous_3)
FN:44,(anonymous_4)
FN:50,(anonymous_5)
FN:56,(anonymous_6)
FN:62,(anonymous_7)
FN:68,(anonymous_8)
FN:73,(anonymous_9)
FN:83,(anonymous_10)
FN:86,diffDates
FN:92,(anonymous_12)
FN:100,(anonymous_13)
FN:109,(anonymous_14)
FNF:14
FNH:5
FNDA:2,_interopRequireDefault
FNDA:2,(anonymous_2)
FNDA:1,(anonymous_3)
FNDA:1,(anonymous_4)
FNDA:1,(anonymous_5)
FNDA:0,(anonymous_6)
FNDA:0,(anonymous_7)
FNDA:0,(anonymous_8)
FNDA:0,(anonymous_9)
FNDA:0,(anonymous_10)
FNDA:0,diffDates
FNDA:0,(anonymous_12)
FNDA:0,(anonymous_13)
FNDA:0,(anonymous_14)
DA:0,2
DA:1,1
DA:3,1
DA:5,1
DA:7,1
DA:8,2
DA:10,2
DA:12,2
DA:13,1
DA:23,2
DA:24,1
DA:25,1
DA:27,2
DA:28,1
DA:31,2
DA:34,1
DA:35,1
DA:40,1
DA:41,1
DA:46,1
DA:47,1
DA:48,1
DA:49,1
DA:52,1
DA:53,0
DA:55,0
DA:58,1
DA:59,0
DA:60,0
DA:61,0
DA:64,1
DA:65,0
DA:66,0
DA:67,0
DA:68,0
DA:69,0
DA:70,0
DA:71,0
DA:73,0
DA:79,1
DA:80,0
DA:82,1
DA:83,0
DA:84,0
DA:85,0
DA:88,0
DA:89,0
DA:90,0
DA:92,0
DA:96,1
DA:97,0
DA:98,0
DA:99,0
DA:100,0
DA:105,0
DA:106,0
DA:107,0
DA:109,0
DA:113,1
LF:59
LH:30
BRDA:11,1,0,1
BRDA:11,1,1,1
BRDA:11,2,0,2
BRDA:11,2,1,2
BRDA:20,3,0,1
BRDA:20,3,1,1
BRDA:27,4,0,1
BRDA:27,4,1,1
BRDA:28,5,0,1
BRDA:28,5,1,0
BRDA:31,6,0,1
BRDA:31,6,1,1
BRDA:74,7,0,0
BRDA:74,7,1,0
BRDA:93,8,0,0
BRDA:93,8,1,0
BRDA:110,9,0,0
BRDA:110,9,1,0
BRF:18
BRH:11
end_of_record
TN:
SF:/Users/Fran/Sites/express-angular-starter/src/server/tests/helpers.js
FN:19,_interopRequireDefault
FNF:1
FNH:1
FNDA:4,_interopRequireDefault
DA:0,4
DA:1,1
DA:2,1
DA:3,1
DA:4,1
DA:6,1
DA:8,1
DA:9,1
DA:10,1
LF:9
LH:9
BRDA:19,1,0,0
BRDA:19,1,1,4
BRDA:19,2,0,4
BRDA:19,2,1,4
BRF:4
BRH:4
end_of_record
TN:
SF:/Users/Fran/Sites/express-angular-starter/src/server/config/env/development.js
FN:7,_interopRequireDefault
FN:16,logging
FNF:2
FNH:1
FNDA:0,_interopRequireDefault
FNDA:0,logging
DA:0,1
DA:1,0
DA:3,0
DA:11,0
LF:4
LH:1
BRDA:7,1,0,0
BRDA:7,1,1,0
BRDA:7,2,0,0
BRDA:7,2,1,0
BRF:4
BRH:4
end_of_record
TN:
SF:/Users/Fran/Sites/express-angular-starter/src/server/config/env/production.js
FN:7,_interopRequireDefault
FN:16,logging
FNF:2
FNH:1
FNDA:0,_interopRequireDefault
FNDA:0,logging
DA:0,1
DA:1,0
DA:3,0
DA:11,0
LF:4
LH:1
BRDA:7,1,0,0
BRDA:7,1,1,0
BRDA:7,2,0,0
BRDA:7,2,1,0
BRF:4
BRH:4
end_of_record
TN:
SF:/Users/Fran/Sites/express-angular-starter/src/server/config/env/test.js
FNF:0
FNH:0
DA:1,1
LF:1
LH:1
BRF:0
BRH:0
end_of_record
TN:
SF:/Users/Fran/Sites/express-angular-starter/src/server/tests/routes/index.js
FN:3,(anonymous_1)
FN:4,(anonymous_2)
FN:5,(anonymous_3)
FN:6,(anonymous_4)
FNF:4
FNH:4
FNDA:1,(anonymous_1)
FNDA:1,(anonymous_2)
FNDA:1,(anonymous_3)
FNDA:1,(anonymous_4)
DA:1,1
DA:2,1
DA:3,1
DA:4,1
DA:7,1
DA:8,1
DA:9,1
LF:7
LH:7
BRF:0
BRH:0
end_of_record
TN:
SF:/Users/Fran/Sites/express-angular-starter/src/server/tests/routes/token.js
FN:7,_interopRequireDefault
FN:9,(anonymous_2)
FN:10,(anonymous_3)
FN:11,(anonymous_4)
FN:12,(anonymous_5)
FN:19,(anonymous_6)
FN:21,(anonymous_7)
FN:25,(anonymous_8)
FN:26,(anonymous_9)
FN:30,(anonymous_10)
FN:36,(anonymous_11)
FN:37,(anonymous_12)
FN:41,(anonymous_13)
FN:45,(anonymous_14)
FN:49,(anonymous_15)
FN:53,(anonymous_16)
FN:54,(anonymous_17)
FNF:17
FNH:16
FNDA:1,_interopRequireDefault
FNDA:1,(anonymous_2)
FNDA:1,(anonymous_3)
FNDA:4,(anonymous_4)
FNDA:4,(anonymous_5)
FNDA:4,(anonymous_6)
FNDA:0,(anonymous_7)
FNDA:1,(anonymous_8)
FNDA:1,(anonymous_9)
FNDA:1,(anonymous_10)
FNDA:1,(anonymous_11)
FNDA:1,(anonymous_12)
FNDA:1,(anonymous_13)
FNDA:1,(anonymous_14)
FNDA:1,(anonymous_15)
FNDA:1,(anonymous_16)
FNDA:1,(anonymous_17)
DA:0,1
DA:1,1
DA:3,1
DA:4,1
DA:5,1
DA:6,4
DA:8,4
DA:15,4
DA:18,0
DA:21,1
DA:22,1
DA:23,1
DA:30,1
DA:31,1
DA:35,1
DA:36,1
DA:37,1
DA:44,1
DA:47,1
DA:48,1
DA:55,1
DA:58,1
DA:59,1
DA:62,1
LF:24
LH:23
BRDA:7,1,0,1
BRDA:7,1,1,0
BRDA:7,2,0,1
BRDA:7,2,1,1
BRF:4
BRH:4
end_of_record
TN:
SF:/Users/Fran/Sites/express-angular-starter/src/server/tests/routes/users.js
FN:15,_interopRequireDefault
FN:17,(anonymous_2)
FN:20,(anonymous_3)
FN:21,(anonymous_4)
FN:28,(anonymous_5)
FN:33,(anonymous_6)
FN:34,(anonymous_7)
FN:35,(anonymous_8)
FN:36,(anonymous_9)
FN:44,(anonymous_10)
FN:45,(anonymous_11)
FN:46,(anonymous_12)
FN:47,(anonymous_13)
FN:56,(anonymous_14)
FN:57,(anonymous_15)
FN:58,(anonymous_16)
FN:59,(anonymous_17)
FN:65,(anonymous_18)
FN:66,(anonymous_19)
FN:67,(anonymous_20)
FN:72,(anonymous_21)
FN:80,(anonymous_22)
FN:81,(anonymous_23)
FN:82,(anonymous_24)
FN:83,(anonymous_25)
FNF:25
FNH:25
FNDA:3,_interopRequireDefault
FNDA:1,(anonymous_2)
FNDA:5,(anonymous_3)
FNDA:5,(anonymous_4)
FNDA:5,(anonymous_5)
FNDA:1,(anonymous_6)
FNDA:1,(anonymous_7)
FNDA:1,(anonymous_8)
FNDA:1,(anonymous_9)
FNDA:1,(anonymous_10)
FNDA:1,(anonymous_11)
FNDA:1,(anonymous_12)
FNDA:1,(anonymous_13)
FNDA:1,(anonymous_14)
FNDA:1,(anonymous_15)
FNDA:1,(anonymous_16)
FNDA:1,(anonymous_17)
FNDA:1,(anonymous_18)
FNDA:1,(anonymous_19)
FNDA:1,(anonymous_20)
FNDA:1,(anonymous_21)
FNDA:1,(anonymous_22)
FNDA:1,(anonymous_23)
FNDA:1,(anonymous_24)
FNDA:1,(anonymous_25)
DA:0,3
DA:1,1
DA:3,1
DA:4,1
DA:6,1
DA:7,1
DA:8,1
DA:9,1
DA:10,5
DA:12,5
DA:19,5
DA:20,5
DA:23,1
DA:24,1
DA:25,1
DA:26,1
DA:30,1
DA:31,1
DA:32,1
DA:37,1
DA:38,1
DA:39,1
DA:40,1
DA:44,1
DA:45,1
DA:46,1
DA:47,1
DA:52,1
DA:53,1
DA:54,1
DA:55,1
DA:58,1
DA:62,1
DA:63,1
DA:64,1
DA:65,1
DA:74,1
DA:75,1
DA:76,1
DA:81,1
DA:82,1
DA:83,1
DA:84,1
DA:88,1
DA:89,1
DA:90,1
DA:91,1
LF:47
LH:47
BRDA:15,1,0,1
BRDA:15,1,1,2
BRDA:15,2,0,3
BRDA:15,2,1,3
BRF:4
BRH:4
end_of_record
